0
menu_shop001.arc,[Pre-Order Bonus 01] [Ordinary Maid Set]
menu_shop002.arc,[Pre-Order Bonus 02] [Gothic Lace Dress]
menu_shop003.arc,[Pre-Order Bonus 03] [Racing Maid]
menu_shop004.arc,[Pre-Order Bonus 04] [Military One Piece]
menu_shop005.arc,[Pre-Order Bonus 05] [Teacher Outfit]
menu_shop006.arc,[Pre-Order Bonus 06] [Exotic dancer]
menu_shop007.arc,[Pre-Order Bonus 07] [Garter Stocking]
menu_shop008.arc,[Pre-Order Bonus 08] [Captivating Bustier]
menu_shop009.arc,[Pre-Order Bonus 09] [Swimsuit]
menu_shop010.arc,[Pre-Order Bonus 10] [Bare Ribbon]
menu_dlc002.arc,[CM3D2 Shop] [DLC Set Vol.01]
menu_dlc006.arc,[CM3D2 Shop] [DLC Set Vol.02]
menu_dlc010.arc,[CM3D2 Shop] [DLC Set Vol.03]
menu_dlc015.arc,[CM3D2 Shop] [DLC Set Vol.04]
menu_dlc019.arc,[CM3D2 Shop] [DLC Set Vol.05]
menu_dlc023.arc,[CM3D2 Shop] [DLC Set Vol.06]
menu_dlc028.arc,[CM3D2 Shop] [DLC Set Vol.07]
menu_dlc032.arc,[CM3D2 Shop] [DLC Set Vol.08]
menu_dlc036.arc,[CM3D2 Shop] [DLC Set Vol.09]
menu_dlc040.arc,[CM3D2 Shop] [DLC Set Vol.10]
menu_dlc047.arc,[CM3D2 Shop] [DLC Set Vol.11]
menu_dlc053.arc,[CM3D2 Shop] [DLC Set Vol.12]
menu_dlc059.arc,[CM3D2 Shop] [Monthly Pack 01]
menu_dlc065.arc,[CM3D2 Shop] [Monthly Pack 02]
menu_dlc071.arc,[CM3D2 Shop] [Monthly Pack 03]
menu_dlc075.arc,[CM3D2 Shop] [Monthly Pack 04]
menu_dlc086.arc,[CM3D2 Shop] [Monthly Pack 05]
menu_dlc091.arc,[CM3D2 Shop] [Monthly Pack 06]
menu_dlc102.arc,[CM3D2 Shop] [Monthly Pack 07]
menu_dlc106.arc,[CM3D2 Shop] [Monthly Pack 08]
menu_dlc114.arc,[CM3D2 Shop] [Monthly Pack 09]
menu_dlc119.arc,[CM3D2 Shop] [Monthly Pack 10]
menu_dlc132.arc,[CM3D2 Shop] [Monthly Pack 11]
menu_dlc135.arc,[CM3D2 Shop] [Monthly Pack 12]
menu_dlc142.arc,[CM3D2 Shop] [Monthly Pack 13]
menu_dlc150.arc,[CM3D2 Shop] [Monthly Pack 14]
menu_dlc160.arc,[CM3D2 Shop] [Monthly Pack 15]
menu_dlc168.arc,[CM3D2 Shop] [Monthly Pack 16]
menu_dlc172.arc,[CM3D2 Shop] [Monthly Pack 17]
menu_dlc176.arc,[CM3D2 Shop] [Monthly Pack 18]
menu_dlc184.arc,[CM3D2 Shop] [Monthly Pack 19]
menu_dlc190.arc,[CM3D2 Shop] [Monthly Pack 20]
menu_dlc193.arc,[CM3D2 Shop] [Monthly Pack 21]
menu_dlc205.arc,[CM3D2 Shop] [Monthly Pack 22]
menu_dlc170.arc,[CM3D2 Shop] [Collaboration] [Alice Soft - Beat Valkyrie Ixseal]
menu_dlc138.arc,[CM3D2 Shop] [Collaboration] [Carol Works - Otorena]
menu_dlc126.arc,[CM3D2 Shop] [Collaboration] [Clochette - Harumina].rar
menu_dlc044.arc,[CM3D2 Shop] [Collaboration] [-Welcome to Pia Carrot!- Costumes]
menu_dlc051.arc,[CM3D2 Shop] [Collaboration] [Lose - Maitetsu Costumes]
menu_dlc057.arc,[CM3D2 Shop] [Collaboration] [Madsoft - Wagama High Spec Costumes]
menu_dlc063.arc,[CM3D2 Shop] [Collaboration] [Lump of Sugar - Tayutama 1&2 School Uniform]
menu_dlc080.arc,[CM3D2 Shop] [Collaboration] [White Powder - Lamunation! Rumune and Iris Impersonations]
menu_dlc083.arc,[CM3D2 Shop] [Collaboration] [Senren - Banka Set]
menu_dlc084.arc,[CM3D2 Shop] [Collaboration] [Kabe Tsuma 2 Scenario Set]
menu_dlc085.arc,[CM3D2 Shop] [Collaboration] [Kanotsuku2 + Can Know Two Close Dance]
menu_dlc101.arc,[CM3D2 Shop] [Collaboration] [Pajamas EX - Rabu Rabu Sisters Set]
menu_dlc111.arc,[CM3D2 Shop] [Collaboration] [Minato Soft - Maji de Watashi ni Koishinasai!]
menu_dlc113.arc,[CM3D2 Shop] [Collaboration] [Harukaze - Noratoto]
menu_dlc124.arc,[CM3D2 Shop] [Collaboration] [NanaWind - Haruoto Alice - Gram]
menu_dlc125.arc,[CM3D2 Shop] [Collaboration] [NanaWind - Haruoto Alice - Gram Rindou Yaya Set]
menu_dlc141.arc,[CM3D2 Shop] [Collaboration] [NEKO WORKs -Neko Para]
menu_dlc146.arc,[CM3D2 Shop] [Collaboration] [Lump of Sugar - Tayutama 2 AS]
menu_dlc155.arc,[CM3D2 Shop] [Collaboration] [ensemble - Ojonai]
menu_dlc157.arc,[CM3D2 Shop] [Collaboration] [Hibiki Works - Niizuma Lovely x Cation]
menu_dlc164.arc,[CM3D2 Shop] [Collaboration] [Make me Lover Full Set]
menu_dlc180.arc,[CM3D2 Shop] [Collaboration] [Harukaze - Noratoto 2]
menu_dlc182.arc,[CM3D2 Shop] [Collaboration] [Giga - Baldr Bringer]
menu_dlc188.arc,[CM3D2 Shop] [Collaboration] [Saga Planets - Kin iro Loveriche Vol. 1]
menu_dlc196.arc,[CM3D2 Shop] [Collaboration] [Saga Planets - Kin iro Loveriche Vol. 2]
menu_dlc200.arc,[CM3D2 Shop] [Collaboration] [Cocktail Soft - Can Can Bunny Premiere 3]
menu_dlc225.arc,[CM3D2 Shop] [Collaboration] [F&C - Suigetsu Character Set]
parts_dlc230.arc,[COM3D2 Backwards] [CM3D2 Shop] [Madosoft - Raspberry Cube Full Set]
menu_vp001.arc,[COM3D2 Append] [Visual Pack]
menu_pp001.arc,[CM3D2 Append] [Plus Pack]
menu_pp002.arc,[CM3D2 Append] [Plus Pack ACT 2]
material_cbp.arc,[Chu-B Lip Bonus] [Skill Disc]
menu_pp003.arc,[CM3D2 Append] [Plus Pack ACT 3]
menu_pp003p.arc,[CM3D2 Append] [Plus Pack ACT 3.1]
menu_vrcom.arc,[CM3D2 Append] [Vacation Pack VR]
menu_karaoke001.arc,[CM3D2 Append] [Karaoke Pack VR]
menu_karaoke002.arc,[CM3D2 Append] [Karaoke Pack VR 2]
csv_personal001.arc,[CM3D2 Shop] [Personality Add-on] [Yandere]
csv_personal002.arc,[CM3D2 Shop] [Personality Add-on] [Oneechan]
csv_personal003.arc,[CM3D2 Shop] [Personality Add-on] [Genki]
csv_personal004.arc,[CM3D2 Shop] [Personality Add-on] [Sadist]
csv_ytgc001.arc,[CM3D2 Shop] [Yotogi Class Skills Vol.01] [Sweet Maid]
csv_ytgc002.arc,[CM3D2 Shop] [Yotogi Class Skills Vol.02] [Party Maid]
csv_ytgc003.arc,[CM3D2 Shop] [Yotogi Class Skills Vol.03] [Sex Slave Maid]
csv_ytgc004.arc,[CM3D2 Shop] [Yotogi Class Skills Vol.04] [Bridal Maid]
csv_ytgc005.arc,[CM3D2 Shop] [Yotogi Class Skills Vol.05] [Succubus Maid]
csv_ytgc006.arc,[CM3D2 Shop] [Yotogi Class Skills Vol.06] [Queen Maid]
csv_ytgc007.arc,[CM3D2 Shop] [Yotogi Class Skills Vol.07] [Darkness Maid]
csv_ytgc008.arc,[CM3D2 Shop] [Yotogi Class Skills Vol.08] [Cherished Maid]
csv_ytgc009.arc,[CM3D2 Shop] [Yotogi Class Skills Vol.09] [Bound Maid]
csv_ytgc010.arc,[CM3D2 Shop] [Yotogi Class Skills Vol.10] [Erotic Maid]
csv_ytgc011.arc,[CM3D2 Shop] [Yotogi Class Skills Vol.11] [Flirty Love Maid]
csv_ytgc012.arc,[CM3D2 Shop] [Yotogi Class Skills Vol.12[ [Abyss Maid]
csv_ytgc013.arc,[CM3D2 Shop] [Yotogi Class Skills Vol.13] [Pig Breeder Maid]
csv_ytgc014.arc,[CM3D2 Shop] [Yotogi Class Skills Vol.14] [Love Bound Maid]
csv_ytgc015.arc,[CM3D2 Shop] [Yotogi Class Skills Vol.15] [Ecstasy Maid]
csv_ytgc016.arc,[CM3D2 Shop] [Yotogi Class Skills Vol.16] [Crisis Maid]
csv_ytgc017.arc,[CM3D2 Shop] [Yotogi Class Skills Vol.17] [Healing Maid]
csv_ytgc018.arc,[CM3D2 Shop] [Yotogi Class Skills Vol.18] [Obedient Maid]
csv_omytgc001.arc,[CM3D2 Shop] [Yotogi Class Skills Vol.19] [Soap Maid]
csv_omytgc002.arc,[CM3D2 Shop] [Yotogi Class Skills Vol.20]
menu_denkigai2015s001.arc,[Denkigai 2015 Summer Item Set] [Event Version]
menu_denkigai2015w.arc,[Denkigai 2015 Winter Item Set] [Event Version]
bg_denkigai2015wMugcup.arc,[Denkigai 2015 Winter Merchandise] [Mug]
csv_denkigai2015wStandB.arc,[Denkigai 2015 Winter Merchandise] [Photo Stand B]
script_denkigai2016wvoicedvd.arc,[Denkigai 2015 Winter] [Maid Greetings Voice CD]
menu_denkigai2015wPants.arc,[Denkigai 2015 Winter] [Panties+Skill]
menu_denkigai2015wTowel.arc,[Denkigai 2015 Winter] [Towel Set]
menu_denkigai2016s.arc,[Denkigai 2016 Summer Item Set] [Event Version]
csv_denkigai2016sPoster3d2act2.arc,[Denkigai 2016 Summer] [Act 2 Poster]
menu_denkigai2016sMekakusi.arc,[Denkigai 2016 Summer] [Blindfold+Skill]
csv_denkigai2016sOkou.arc,[Denkigai 2016 Summer] [Incense Coaster+Skill]
motion_denkigai2016sSoine.arc,[Denkigai 2016 Summer] [Lap Pillow Plugin]
csv_denkigai2016sMugcup.arc,[Denkigai 2016 Summer] [Leathercase+Mastercard+Mugcup+Stand]
bg_denkigai2016sMizu.arc,[Denkigai 2016 Summer] [Maid Water]
menu_denkigai2016sSukumizu.arc,[Denkigai 2016 Summer] [School Swimsuit + Skill]
menu_denkigai2016w.arc,[Denkigai 2016 Winter Item Set] [Event Version]
csv_denkigai2016wcalendar.arc,[Denkigai 2016 Winter] [Calendar]
menu_denkigai2016wkubiwa.arc,[Denkigai 2016 Winter] [Collar]
csv_denkigai2016wvoicedvd.arc,[Denkigai 2016 Winter] [Maid Encouragement Plugin]
menu_denkigai2017s.arc,[Denkigai 2017 Summer Item Set] [Event Version]
menu_dlcdenkigai2017w.arc,[Denkigai 2017 Winter Item Set] [Event Version]
menu_denkigai2018s.arc,[Denkigai 2018 Summer Item Set] [Event Version]
menu_denkigai2018w.arc,[Denkigai 2018 Winter Item Set] [Event Version]
csv_denkigai2018wpcard.arc,[Denkigai 2018 Winter] [Gift Card]
menu_denkigai2018wmumuta.arc,[Denkigai 2018 Winter] [Mumuta Original Costume Set]
menu_dlc014.arc,[CM3D2 Shop] [Cow Costume]
menu_dlc099.arc,[CM3D2 Shop] [Dohatsuten Male Head]
menu_dlc079.arc,[CM3D2 Shop] [Fox Ears and Tail]
menu_dlc098.arc,[CM3D2 Shop] [Headphones]
menu_dlc095.arc,[CM3D2 Shop] [Maid-to-Order Hairsets]
menu_dlc118.arc,[CM3D2 Shop] [New Years Hair Decoration]
menu_dlc001.arc,[CM3D2 Shop] [Separate Maid Uniform]
menu_dlc090.arc,[CM3D2 Shop] [Sports Sunglasses]
menu_dlc069.arc,[CM3D2 Shop] [White Lace Set]
menu_ordermade001.arc,[CM3D2 Shop] [Yandere Launch Set]
menu_vr.arc,[CM3D2 VR] [Fried Chicken Earrings]
menu_dlsite.arc,[DLSite Bonus] [Original Mascot Set]
menu_release.arc,[Release Bonus] [Launch Shirt + Drill]
menu_sixteen.arc,[Sixteen Bonus] [Nao Shirt]
menu_tech002.arc,[TECH GIAN Bonus] [November 2016 Issue]
menu_chirashi001.arc,[Tokyo Big Sight Bonus] [Medal Necklace]
menu_cd001.arc,[Vocal Collection] [Dress Set]
menu_wp001.arc,[W-Pack Bonus]
csv_nc_sakura.arc,[CM3D2 NicoNicoLive] [VIP Event for Sakura - The Netori'd Catgirl]
csv_anniversary001.arc,[CM3D2 Shop] [1st Anniversary VIP Event]
script_xmas2016.arc,[CM3D2 Christmas 2016 and VIP Events]
script_event001.arc,[CM3D2 Shop] [Valentines Events 2016]
script_event002.arc,[CM3D2 Shop] [Valentines Events 2017]
csv_kissevent2017march.arc,[CM3D2 Shop] [KISS Event 2017 March Plugin]
voice_urayome001.arc,[Rewards from Contest] [Maid After Hours] [Masturbation Peeping VIP]
csv_bugbug.arc,[CM3D2 BugBug 2017]
bg_yomeidokanteidan_bromide.arc,[S-Court CR Shop] [Bromide]
bg_yomeidokanteidan_sticker.arc,[S-Court CR Shop] [Sticker]
bg_yomeidokanteidan_portrait.arc,[S-Court CR Shop] [Portrait]
bg_yomeidokanteidan_nicepot.arc,[S-Court CR Shop] [Nice Pot]
bg_yomeidokanteidan_nicescroll.arc,[S-Court CR Shop] [Nice Scroll]
texture_shop021.arc,[COM3D2 Backwards] [GP01 Pre-Order Bonus] [Sexy Tail Dress Set]
menu_bcc.arc,[COM3D2 Backwards] [BitCash Collaboration Set]
texture_ggcc.arc,[COM3D2 Backwards] [GoGo Curry Collaboration Costume Set]
menu_maidcafec.arc,[COM3D2 Backwards] [Cafe Mailish Collaboration Maid Set]
menu_maidcafec2.arc,[COM3D2 Backwards] [Cafe Mailish Collaboration Maid Set II]
menu_bugbug002.arc,[COM3D2 Backwards] [bugbug Lingerie]
texture_bcc2.arc,[COM3D2 Backwards] [COM3D2 Early Reservation Campaign Fancy Paper]
menu_3d21reserve.arc,[COM3D2 Backwards] [COM3D2 Grade Up Reservation Campaign Vol. 1]
menu_cd001.arc,[COM3D2 Backwards] [COM3D2] [Music Dress Set & Vocal Collection Desktop Item]
menu_cd002.arc,[COM3D2 Backwards] [COM3D2] [Groove Dress Set & Vocal Collection 2 Desktop Item]
menu_tech003.arc,[COM3D2 Backwards] [Tech Gian Bonus] [Sakura, Moyu Kuro Narikiri Collaboration Set]
menu_vac001.arc,[COM3D2 Backwards] [Tech Gian] [Voice Actress Concerto]
menu_vac002.arc,[COM3D2 Backwards] [Tech Gian] [Voice Actress Concerto 2]
menu_kissevent2018.arc,[COM3D2 Backwards] [KISS Event 2018 - KISS 20th Anniversary Memorial Book Desktop Item]
